build/app/intermediates/manifest_merge_blame_file/release/manifest-merger-blame-release-report.txt
1<?xml version="1.0" encoding="utf-8"?>
2<manifest xmlns:android="http://schemas.android.com/apk/res/android"
3    package="com.themirrorsocial.mirra"
4    android:versionCode="1"
5    android:versionName="1.0.0" >
6
7    <uses-sdk
8        android:minSdkVersion="21"
8-->src\main\AndroidManifest.xml
9        android:targetSdkVersion="34" />
9-->src\main\AndroidManifest.xml
10
11    <uses-permission android:name="android.permission.INTERNET" />
11-->src\main\AndroidManifest.xml:2:5-66
11-->src\main\AndroidManifest.xml:2:22-64
12    <uses-permission android:name="android.permission.ACCESS_FINE_LOCATION" />
12-->src\main\AndroidManifest.xml:3:5-78
12-->src\main\AndroidManifest.xml:3:22-76
13    <uses-permission android:name="android.permission.ACCESS_COARSE_LOCATION" />
13-->src\main\AndroidManifest.xml:4:5-81
13-->src\main\AndroidManifest.xml:4:22-78
14    <uses-permission android:name="android.permission.CAMERA" />
14-->src\main\AndroidManifest.xml:5:5-65
14-->src\main\AndroidManifest.xml:5:22-62
15
16    <uses-feature android:name="android.hardware.camera.any" />
16-->src\main\AndroidManifest.xml:6:5-64
16-->src\main\AndroidManifest.xml:6:19-61
17
18    <uses-permission android:name="com.google.android.gms.permission.AD_ID" />
18-->src\main\AndroidManifest.xml:7:5-78
18-->src\main\AndroidManifest.xml:7:22-76
19    <uses-permission android:name="android.permission.WAKE_LOCK" />
19-->[:firebase_messaging] AndroidManifest.xml:10:5-68
19-->[:firebase_messaging] AndroidManifest.xml:10:22-65
20    <uses-permission android:name="android.permission.ACCESS_NETWORK_STATE" /> <!-- Permissions options for the `notification` group -->
20-->[:firebase_messaging] AndroidManifest.xml:11:5-79
20-->[:firebase_messaging] AndroidManifest.xml:11:22-76
21    <uses-permission android:name="android.permission.POST_NOTIFICATIONS" />
21-->[:firebase_messaging] AndroidManifest.xml:13:5-77
21-->[:firebase_messaging] AndroidManifest.xml:13:22-74
22    <uses-permission android:name="android.permission.VIBRATE" />
22-->[:flutter_local_notifications] AndroidManifest.xml:9:5-66
22-->[:flutter_local_notifications] AndroidManifest.xml:9:22-63
23
24    <queries>
24-->[:flutter_inappwebview] AndroidManifest.xml:9:5-13:15
25        <intent>
25-->[:flutter_inappwebview] AndroidManifest.xml:10:9-12:18
26            <action android:name="android.support.customtabs.action.CustomTabsService" />
26-->[:flutter_inappwebview] AndroidManifest.xml:11:13-90
26-->[:flutter_inappwebview] AndroidManifest.xml:11:21-87
27        </intent>
28        <!-- Needs to be explicitly declared on Android R+ -->
29        <package android:name="com.google.android.apps.maps" />
29-->[com.google.android.gms:play-services-maps:18.2.0] AndroidManifest.xml:33:9-64
29-->[com.google.android.gms:play-services-maps:18.2.0] AndroidManifest.xml:33:18-61
30
31        <intent>
31-->[com.android.billingclient:billing:6.2.1] AndroidManifest.xml:13:9-15:18
32            <action android:name="com.android.vending.billing.InAppBillingService.BIND" />
32-->[com.android.billingclient:billing:6.2.1] AndroidManifest.xml:14:13-91
32-->[com.android.billingclient:billing:6.2.1] AndroidManifest.xml:14:21-88
33        </intent> <!-- For browser content -->
34        <intent>
34-->[com.google.android.gms:play-services-ads-lite:23.0.0] AndroidManifest.xml:38:9-44:18
35            <action android:name="android.intent.action.VIEW" />
35-->src\main\AndroidManifest.xml:43:17-69
35-->src\main\AndroidManifest.xml:43:25-66
36
37            <category android:name="android.intent.category.BROWSABLE" />
37-->src\main\AndroidManifest.xml:45:17-78
37-->src\main\AndroidManifest.xml:45:27-75
38
39            <data android:scheme="https" />
39-->src\main\AndroidManifest.xml:46:17-49:61
39-->src\main\AndroidManifest.xml:48:21-43
40        </intent>
41    </queries>
42
43    <uses-feature
43-->[com.google.android.gms:play-services-maps:18.2.0] AndroidManifest.xml:26:5-28:35
44        android:glEsVersion="0x00020000"
44-->[com.google.android.gms:play-services-maps:18.2.0] AndroidManifest.xml:27:9-41
45        android:required="true" />
45-->[com.google.android.gms:play-services-maps:18.2.0] AndroidManifest.xml:28:9-32
46
47    <uses-permission android:name="com.android.vending.BILLING" /> <!-- Required by older versions of Google Play services to create IID tokens -->
47-->[com.android.billingclient:billing:6.2.1] AndroidManifest.xml:10:5-67
47-->[com.android.billingclient:billing:6.2.1] AndroidManifest.xml:10:22-64
48    <uses-permission android:name="com.google.android.c2dm.permission.RECEIVE" />
48-->[com.google.firebase:firebase-messaging:23.4.1] AndroidManifest.xml:26:5-82
48-->[com.google.firebase:firebase-messaging:23.4.1] AndroidManifest.xml:26:22-79
49    <uses-permission android:name="android.permission.ACCESS_ADSERVICES_AD_ID" />
49-->[com.google.android.gms:play-services-ads-lite:23.0.0] AndroidManifest.xml:27:5-82
49-->[com.google.android.gms:play-services-ads-lite:23.0.0] AndroidManifest.xml:27:22-79
50    <uses-permission android:name="android.permission.ACCESS_ADSERVICES_ATTRIBUTION" />
50-->[com.google.android.gms:play-services-ads-lite:23.0.0] AndroidManifest.xml:28:5-88
50-->[com.google.android.gms:play-services-ads-lite:23.0.0] AndroidManifest.xml:28:22-85
51    <uses-permission android:name="android.permission.ACCESS_ADSERVICES_TOPICS" />
51-->[com.google.android.gms:play-services-ads-lite:23.0.0] AndroidManifest.xml:29:5-83
51-->[com.google.android.gms:play-services-ads-lite:23.0.0] AndroidManifest.xml:29:22-80
52    <uses-permission android:name="com.google.android.providers.gsf.permission.READ_GSERVICES" />
52-->[com.google.android.recaptcha:recaptcha:18.4.0] AndroidManifest.xml:9:5-98
52-->[com.google.android.recaptcha:recaptcha:18.4.0] AndroidManifest.xml:9:22-95
53    <uses-permission android:name="android.permission.FOREGROUND_SERVICE" />
53-->[androidx.work:work-runtime:2.7.0] AndroidManifest.xml:28:5-77
53-->[androidx.work:work-runtime:2.7.0] AndroidManifest.xml:28:22-74
54
55    <permission
55-->[androidx.core:core:1.10.1] AndroidManifest.xml:22:5-24:47
56        android:name="com.themirrorsocial.mirra.DYNAMIC_RECEIVER_NOT_EXPORTED_PERMISSION"
56-->[androidx.core:core:1.10.1] AndroidManifest.xml:23:9-81
57        android:protectionLevel="signature" />
57-->[androidx.core:core:1.10.1] AndroidManifest.xml:24:9-44
58
59    <uses-permission android:name="com.themirrorsocial.mirra.DYNAMIC_RECEIVER_NOT_EXPORTED_PERMISSION" />
59-->[androidx.core:core:1.10.1] AndroidManifest.xml:26:5-97
59-->[androidx.core:core:1.10.1] AndroidManifest.xml:26:22-94
60
61    <application
62        android:name="android.app.Application"
62-->src\main\AndroidManifest.xml:10:9-42
63        android:appComponentFactory="androidx.core.app.CoreComponentFactory"
63-->[androidx.core:core:1.10.1] AndroidManifest.xml:28:18-86
64        android:icon="@mipmap/ic_launcher"
64-->src\main\AndroidManifest.xml:11:9-43
65        android:label="mirra" >
65-->src\main\AndroidManifest.xml:9:9-30
66
67        <!-- Google Maps API Key -->
68        <meta-data
68-->src\main\AndroidManifest.xml:13:9-15:71
69            android:name="com.google.android.geo.API_KEY"
69-->src\main\AndroidManifest.xml:14:13-58
70            android:value="AIzaSyC0lXhMF3jdfNUNAFEcAl2fDHEMba7Kxzo" />
70-->src\main\AndroidManifest.xml:15:13-68
71
72        <!-- AdMob App ID -->
73        <meta-data
73-->src\main\AndroidManifest.xml:18:9-20:69
74            android:name="com.google.android.gms.ads.APPLICATION_ID"
74-->src\main\AndroidManifest.xml:19:13-69
75            android:value="ca-app-pub-5054286421220105~2965324746" />
75-->src\main\AndroidManifest.xml:20:13-67
76
77        <activity
77-->src\main\AndroidManifest.xml:21:9-51:20
78            android:name="com.themirrorsocial.mirra.MainActivity"
78-->src\main\AndroidManifest.xml:22:13-41
79            android:configChanges="orientation|keyboardHidden|keyboard|screenSize|smallestScreenSize|locale|layoutDirection|fontScale|screenLayout|density|uiMode"
79-->src\main\AndroidManifest.xml:26:13-163
80            android:exported="true"
80-->src\main\AndroidManifest.xml:23:13-36
81            android:hardwareAccelerated="true"
81-->src\main\AndroidManifest.xml:27:13-47
82            android:launchMode="singleTop"
82-->src\main\AndroidManifest.xml:24:13-43
83            android:theme="@style/LaunchTheme"
83-->src\main\AndroidManifest.xml:25:13-47
84            android:windowSoftInputMode="adjustResize" >
84-->src\main\AndroidManifest.xml:28:13-55
85
86            <!--
87                 Specifies an Android theme to apply to this Activity as soon as
88                 the Android process has started. This theme is visible to the user
89                 while the Flutter UI initializes. After that, this theme continues
90                 to determine the Window background behind the Flutter UI.
91            -->
92            <meta-data
92-->src\main\AndroidManifest.xml:33:13-36:17
93                android:name="io.flutter.embedding.android.NormalTheme"
93-->src\main\AndroidManifest.xml:34:15-70
94                android:resource="@style/NormalTheme" />
94-->src\main\AndroidManifest.xml:35:15-52
95
96            <intent-filter>
96-->src\main\AndroidManifest.xml:37:13-40:29
97                <action android:name="android.intent.action.MAIN" />
97-->src\main\AndroidManifest.xml:38:17-68
97-->src\main\AndroidManifest.xml:38:25-66
98
99                <category android:name="android.intent.category.LAUNCHER" />
99-->src\main\AndroidManifest.xml:39:17-76
99-->src\main\AndroidManifest.xml:39:27-74
100            </intent-filter>
101            <intent-filter>
101-->src\main\AndroidManifest.xml:42:13-50:29
102                <action android:name="android.intent.action.VIEW" />
102-->src\main\AndroidManifest.xml:43:17-69
102-->src\main\AndroidManifest.xml:43:25-66
103
104                <category android:name="android.intent.category.DEFAULT" />
104-->src\main\AndroidManifest.xml:44:17-76
104-->src\main\AndroidManifest.xml:44:27-73
105                <category android:name="android.intent.category.BROWSABLE" />
105-->src\main\AndroidManifest.xml:45:17-78
105-->src\main\AndroidManifest.xml:45:27-75
106
107                <data
107-->src\main\AndroidManifest.xml:46:17-49:61
108                    android:host="mirra-app.com"
108-->src\main\AndroidManifest.xml:47:21-49
109                    android:pathPrefix="/verify-business"
109-->src\main\AndroidManifest.xml:49:21-58
110                    android:scheme="https" />
110-->src\main\AndroidManifest.xml:48:21-43
111            </intent-filter>
112        </activity>
113        <!--
114             Don't delete the meta-data below.
115             This is used by the Flutter tool to generate GeneratedPluginRegistrant.java
116        -->
117        <meta-data
117-->src\main\AndroidManifest.xml:54:9-56:33
118            android:name="flutterEmbedding"
118-->src\main\AndroidManifest.xml:55:13-44
119            android:value="2" />
119-->src\main\AndroidManifest.xml:56:13-30
120
121        <service
121-->[:firebase_messaging] AndroidManifest.xml:16:9-19:72
122            android:name="io.flutter.plugins.firebase.messaging.FlutterFirebaseMessagingBackgroundService"
122-->[:firebase_messaging] AndroidManifest.xml:17:13-107
123            android:exported="false"
123-->[:firebase_messaging] AndroidManifest.xml:18:13-37
124            android:permission="android.permission.BIND_JOB_SERVICE" />
124-->[:firebase_messaging] AndroidManifest.xml:19:13-69
125        <service
125-->[:firebase_messaging] AndroidManifest.xml:20:9-26:19
126            android:name="io.flutter.plugins.firebase.messaging.FlutterFirebaseMessagingService"
126-->[:firebase_messaging] AndroidManifest.xml:21:13-97
127            android:exported="false" >
127-->[:firebase_messaging] AndroidManifest.xml:22:13-37
128            <intent-filter>
128-->[:firebase_messaging] AndroidManifest.xml:23:13-25:29
129                <action android:name="com.google.firebase.MESSAGING_EVENT" />
129-->[:firebase_messaging] AndroidManifest.xml:24:17-78
129-->[:firebase_messaging] AndroidManifest.xml:24:25-75
130            </intent-filter>
131        </service>
132
133        <receiver
133-->[:firebase_messaging] AndroidManifest.xml:28:9-35:20
134            android:name="io.flutter.plugins.firebase.messaging.FlutterFirebaseMessagingReceiver"
134-->[:firebase_messaging] AndroidManifest.xml:29:13-98
135            android:exported="true"
135-->[:firebase_messaging] AndroidManifest.xml:30:13-36
136            android:permission="com.google.android.c2dm.permission.SEND" >
136-->[:firebase_messaging] AndroidManifest.xml:31:13-73
137            <intent-filter>
137-->[:firebase_messaging] AndroidManifest.xml:32:13-34:29
138                <action android:name="com.google.android.c2dm.intent.RECEIVE" />
138-->[:firebase_messaging] AndroidManifest.xml:33:17-81
138-->[:firebase_messaging] AndroidManifest.xml:33:25-78
139            </intent-filter>
140        </receiver>
141
142        <service
142-->[:firebase_messaging] AndroidManifest.xml:37:9-41:19
143            android:name="com.google.firebase.components.ComponentDiscoveryService"
143-->[:firebase_messaging] AndroidManifest.xml:37:18-89
144            android:directBootAware="true"
144-->[com.google.firebase:firebase-common:20.4.2] AndroidManifest.xml:32:13-43
145            android:exported="false" >
145-->[com.google.firebase:firebase-auth:22.3.1] AndroidManifest.xml:68:13-37
146            <meta-data
146-->[:firebase_messaging] AndroidManifest.xml:38:13-40:85
147                android:name="com.google.firebase.components:io.flutter.plugins.firebase.messaging.FlutterFirebaseAppRegistrar"
147-->[:firebase_messaging] AndroidManifest.xml:39:17-128
148                android:value="com.google.firebase.components.ComponentRegistrar" />
148-->[:firebase_messaging] AndroidManifest.xml:40:17-82
149            <meta-data
149-->[:cloud_firestore] AndroidManifest.xml:11:13-13:85
150                android:name="com.google.firebase.components:io.flutter.plugins.firebase.firestore.FlutterFirebaseFirestoreRegistrar"
150-->[:cloud_firestore] AndroidManifest.xml:12:17-134
151                android:value="com.google.firebase.components.ComponentRegistrar" />
151-->[:cloud_firestore] AndroidManifest.xml:13:17-82
152            <meta-data
152-->[:cloud_functions] AndroidManifest.xml:11:13-13:85
153                android:name="com.google.firebase.components:io.flutter.plugins.firebase.functions.FlutterFirebaseAppRegistrar"
153-->[:cloud_functions] AndroidManifest.xml:12:17-128
154                android:value="com.google.firebase.components.ComponentRegistrar" />
154-->[:cloud_functions] AndroidManifest.xml:13:17-82
155            <meta-data
155-->[:firebase_auth] AndroidManifest.xml:11:13-13:85
156                android:name="com.google.firebase.components:io.flutter.plugins.firebase.auth.FlutterFirebaseAuthRegistrar"
156-->[:firebase_auth] AndroidManifest.xml:12:17-124
157                android:value="com.google.firebase.components.ComponentRegistrar" />
157-->[:firebase_auth] AndroidManifest.xml:13:17-82
158            <meta-data
158-->[:firebase_storage] AndroidManifest.xml:11:13-13:85
159                android:name="com.google.firebase.components:io.flutter.plugins.firebase.storage.FlutterFirebaseAppRegistrar"
159-->[:firebase_storage] AndroidManifest.xml:12:17-126
160                android:value="com.google.firebase.components.ComponentRegistrar" />
160-->[:firebase_storage] AndroidManifest.xml:13:17-82
161            <meta-data
161-->[:firebase_core] AndroidManifest.xml:11:13-13:85
162                android:name="com.google.firebase.components:io.flutter.plugins.firebase.core.FlutterFirebaseCoreRegistrar"
162-->[:firebase_core] AndroidManifest.xml:12:17-124
163                android:value="com.google.firebase.components.ComponentRegistrar" />
163-->[:firebase_core] AndroidManifest.xml:13:17-82
164            <meta-data
164-->[com.google.firebase:firebase-auth:22.3.1] AndroidManifest.xml:69:13-71:85
165                android:name="com.google.firebase.components:com.google.firebase.auth.FirebaseAuthRegistrar"
165-->[com.google.firebase:firebase-auth:22.3.1] AndroidManifest.xml:70:17-109
166                android:value="com.google.firebase.components.ComponentRegistrar" />
166-->[com.google.firebase:firebase-auth:22.3.1] AndroidManifest.xml:71:17-82
167            <meta-data
167-->[com.google.firebase:firebase-functions:20.4.0] AndroidManifest.xml:15:13-17:85
168                android:name="com.google.firebase.components:com.google.firebase.functions.FirebaseFunctionsKtxRegistrar"
168-->[com.google.firebase:firebase-functions:20.4.0] AndroidManifest.xml:16:17-122
169                android:value="com.google.firebase.components.ComponentRegistrar" />
169-->[com.google.firebase:firebase-functions:20.4.0] AndroidManifest.xml:17:17-82
170            <meta-data
170-->[com.google.firebase:firebase-functions:20.4.0] AndroidManifest.xml:18:13-20:85
171                android:name="com.google.firebase.components:com.google.firebase.functions.FunctionsRegistrar"
171-->[com.google.firebase:firebase-functions:20.4.0] AndroidManifest.xml:19:17-111
172                android:value="com.google.firebase.components.ComponentRegistrar" />
172-->[com.google.firebase:firebase-functions:20.4.0] AndroidManifest.xml:20:17-82
173            <meta-data
173-->[com.google.firebase:firebase-firestore:24.10.3] AndroidManifest.xml:17:13-19:85
174                android:name="com.google.firebase.components:com.google.firebase.firestore.FirebaseFirestoreKtxRegistrar"
174-->[com.google.firebase:firebase-firestore:24.10.3] AndroidManifest.xml:18:17-122
175                android:value="com.google.firebase.components.ComponentRegistrar" />
175-->[com.google.firebase:firebase-firestore:24.10.3] AndroidManifest.xml:19:17-82
176            <meta-data
176-->[com.google.firebase:firebase-firestore:24.10.3] AndroidManifest.xml:20:13-22:85
177                android:name="com.google.firebase.components:com.google.firebase.firestore.FirestoreRegistrar"
177-->[com.google.firebase:firebase-firestore:24.10.3] AndroidManifest.xml:21:17-111
178                android:value="com.google.firebase.components.ComponentRegistrar" />
178-->[com.google.firebase:firebase-firestore:24.10.3] AndroidManifest.xml:22:17-82
179            <meta-data
179-->[com.google.firebase:firebase-messaging:23.4.1] AndroidManifest.xml:57:13-59:85
180                android:name="com.google.firebase.components:com.google.firebase.messaging.FirebaseMessagingKtxRegistrar"
180-->[com.google.firebase:firebase-messaging:23.4.1] AndroidManifest.xml:58:17-122
181                android:value="com.google.firebase.components.ComponentRegistrar" />
181-->[com.google.firebase:firebase-messaging:23.4.1] AndroidManifest.xml:59:17-82
182            <meta-data
182-->[com.google.firebase:firebase-messaging:23.4.1] AndroidManifest.xml:60:13-62:85
183                android:name="com.google.firebase.components:com.google.firebase.messaging.FirebaseMessagingRegistrar"
183-->[com.google.firebase:firebase-messaging:23.4.1] AndroidManifest.xml:61:17-119
184                android:value="com.google.firebase.components.ComponentRegistrar" />
184-->[com.google.firebase:firebase-messaging:23.4.1] AndroidManifest.xml:62:17-82
185            <meta-data
185-->[com.google.firebase:firebase-storage:20.3.0] AndroidManifest.xml:30:13-32:85
186                android:name="com.google.firebase.components:com.google.firebase.storage.FirebaseStorageKtxRegistrar"
186-->[com.google.firebase:firebase-storage:20.3.0] AndroidManifest.xml:31:17-118
187                android:value="com.google.firebase.components.ComponentRegistrar" />
187-->[com.google.firebase:firebase-storage:20.3.0] AndroidManifest.xml:32:17-82
188            <meta-data
188-->[com.google.firebase:firebase-storage:20.3.0] AndroidManifest.xml:33:13-35:85
189                android:name="com.google.firebase.components:com.google.firebase.storage.StorageRegistrar"
189-->[com.google.firebase:firebase-storage:20.3.0] AndroidManifest.xml:34:17-107
190                android:value="com.google.firebase.components.ComponentRegistrar" />
190-->[com.google.firebase:firebase-storage:20.3.0] AndroidManifest.xml:35:17-82
191            <meta-data
191-->[com.google.firebase:firebase-appcheck:17.1.2] AndroidManifest.xml:25:13-27:85
192                android:name="com.google.firebase.components:com.google.firebase.appcheck.FirebaseAppCheckKtxRegistrar"
192-->[com.google.firebase:firebase-appcheck:17.1.2] AndroidManifest.xml:26:17-120
193                android:value="com.google.firebase.components.ComponentRegistrar" />
193-->[com.google.firebase:firebase-appcheck:17.1.2] AndroidManifest.xml:27:17-82
194            <meta-data
194-->[com.google.firebase:firebase-appcheck:17.1.2] AndroidManifest.xml:28:13-30:85
195                android:name="com.google.firebase.components:com.google.firebase.appcheck.FirebaseAppCheckRegistrar"
195-->[com.google.firebase:firebase-appcheck:17.1.2] AndroidManifest.xml:29:17-117
196                android:value="com.google.firebase.components.ComponentRegistrar" />
196-->[com.google.firebase:firebase-appcheck:17.1.2] AndroidManifest.xml:30:17-82
197            <meta-data
197-->[com.google.firebase:firebase-iid:21.1.0] AndroidManifest.xml:32:13-34:85
198                android:name="com.google.firebase.components:com.google.firebase.iid.Registrar"
198-->[com.google.firebase:firebase-iid:21.1.0] AndroidManifest.xml:33:17-96
199                android:value="com.google.firebase.components.ComponentRegistrar" />
199-->[com.google.firebase:firebase-iid:21.1.0] AndroidManifest.xml:34:17-82
200            <meta-data
200-->[com.google.firebase:firebase-installations:17.2.0] AndroidManifest.xml:15:13-17:85
201                android:name="com.google.firebase.components:com.google.firebase.installations.FirebaseInstallationsKtxRegistrar"
201-->[com.google.firebase:firebase-installations:17.2.0] AndroidManifest.xml:16:17-130
202                android:value="com.google.firebase.components.ComponentRegistrar" />
202-->[com.google.firebase:firebase-installations:17.2.0] AndroidManifest.xml:17:17-82
203            <meta-data
203-->[com.google.firebase:firebase-installations:17.2.0] AndroidManifest.xml:18:13-20:85
204                android:name="com.google.firebase.components:com.google.firebase.installations.FirebaseInstallationsRegistrar"
204-->[com.google.firebase:firebase-installations:17.2.0] AndroidManifest.xml:19:17-127
205                android:value="com.google.firebase.components.ComponentRegistrar" />
205-->[com.google.firebase:firebase-installations:17.2.0] AndroidManifest.xml:20:17-82
206            <meta-data
206-->[com.google.firebase:firebase-common-ktx:20.4.2] AndroidManifest.xml:12:13-14:85
207                android:name="com.google.firebase.components:com.google.firebase.ktx.FirebaseCommonLegacyRegistrar"
207-->[com.google.firebase:firebase-common-ktx:20.4.2] AndroidManifest.xml:13:17-116
208                android:value="com.google.firebase.components.ComponentRegistrar" />
208-->[com.google.firebase:firebase-common-ktx:20.4.2] AndroidManifest.xml:14:17-82
209            <meta-data
209-->[com.google.firebase:firebase-common:20.4.2] AndroidManifest.xml:35:13-37:85
210                android:name="com.google.firebase.components:com.google.firebase.FirebaseCommonKtxRegistrar"
210-->[com.google.firebase:firebase-common:20.4.2] AndroidManifest.xml:36:17-109
211                android:value="com.google.firebase.components.ComponentRegistrar" />
211-->[com.google.firebase:firebase-common:20.4.2] AndroidManifest.xml:37:17-82
212            <meta-data
212-->[com.google.firebase:firebase-datatransport:18.1.7] AndroidManifest.xml:27:13-29:85
213                android:name="com.google.firebase.components:com.google.firebase.datatransport.TransportRegistrar"
213-->[com.google.firebase:firebase-datatransport:18.1.7] AndroidManifest.xml:28:17-115
214                android:value="com.google.firebase.components.ComponentRegistrar" />
214-->[com.google.firebase:firebase-datatransport:18.1.7] AndroidManifest.xml:29:17-82
215        </service>
216
217        <provider
217-->[:firebase_messaging] AndroidManifest.xml:43:9-47:38
218            android:name="io.flutter.plugins.firebase.messaging.FlutterFirebaseMessagingInitProvider"
218-->[:firebase_messaging] AndroidManifest.xml:44:13-102
219            android:authorities="com.themirrorsocial.mirra.flutterfirebasemessaginginitprovider"
219-->[:firebase_messaging] AndroidManifest.xml:45:13-88
220            android:exported="false"
220-->[:firebase_messaging] AndroidManifest.xml:46:13-37
221            android:initOrder="99" />
221-->[:firebase_messaging] AndroidManifest.xml:47:13-35
222
223        <service
223-->[:geolocator_android] AndroidManifest.xml:10:9-14:56
224            android:name="com.baseflow.geolocator.GeolocatorLocationService"
224-->[:geolocator_android] AndroidManifest.xml:11:13-77
225            android:enabled="true"
225-->[:geolocator_android] AndroidManifest.xml:12:13-35
226            android:exported="false"
226-->[:geolocator_android] AndroidManifest.xml:13:13-37
227            android:foregroundServiceType="location" />
227-->[:geolocator_android] AndroidManifest.xml:14:13-53
228
229        <activity
229-->[:flutter_inappwebview] AndroidManifest.xml:16:9-20:47
230            android:name="com.pichillilorenzo.flutter_inappwebview.in_app_browser.InAppBrowserActivity"
230-->[:flutter_inappwebview] AndroidManifest.xml:17:13-104
231            android:configChanges="orientation|keyboardHidden|keyboard|screenSize|locale|layoutDirection|fontScale|screenLayout|density"
231-->[:flutter_inappwebview] AndroidManifest.xml:18:13-137
232            android:exported="false"
232-->[:flutter_inappwebview] AndroidManifest.xml:19:13-37
233            android:theme="@style/AppTheme" />
233-->[:flutter_inappwebview] AndroidManifest.xml:20:13-44
234        <activity
234-->[:flutter_inappwebview] AndroidManifest.xml:21:9-24:55
235            android:name="com.pichillilorenzo.flutter_inappwebview.chrome_custom_tabs.ChromeCustomTabsActivity"
235-->[:flutter_inappwebview] AndroidManifest.xml:22:13-112
236            android:exported="false"
236-->[:flutter_inappwebview] AndroidManifest.xml:23:13-37
237            android:theme="@style/ThemeTransparent" />
237-->[:flutter_inappwebview] AndroidManifest.xml:24:13-52
238        <activity
238-->[:flutter_inappwebview] AndroidManifest.xml:25:9-28:55
239            android:name="com.pichillilorenzo.flutter_inappwebview.chrome_custom_tabs.TrustedWebActivity"
239-->[:flutter_inappwebview] AndroidManifest.xml:26:13-106
240            android:exported="false"
240-->[:flutter_inappwebview] AndroidManifest.xml:27:13-37
241            android:theme="@style/ThemeTransparent" />
241-->[:flutter_inappwebview] AndroidManifest.xml:28:13-52
242        <activity
242-->[:flutter_inappwebview] AndroidManifest.xml:29:9-33:55
243            android:name="com.pichillilorenzo.flutter_inappwebview.chrome_custom_tabs.ChromeCustomTabsActivitySingleInstance"
243-->[:flutter_inappwebview] AndroidManifest.xml:30:13-126
244            android:exported="false"
244-->[:flutter_inappwebview] AndroidManifest.xml:31:13-37
245            android:launchMode="singleInstance"
245-->[:flutter_inappwebview] AndroidManifest.xml:32:13-48
246            android:theme="@style/ThemeTransparent" />
246-->[:flutter_inappwebview] AndroidManifest.xml:33:13-52
247        <activity
247-->[:flutter_inappwebview] AndroidManifest.xml:34:9-38:55
248            android:name="com.pichillilorenzo.flutter_inappwebview.chrome_custom_tabs.TrustedWebActivitySingleInstance"
248-->[:flutter_inappwebview] AndroidManifest.xml:35:13-120
249            android:exported="false"
249-->[:flutter_inappwebview] AndroidManifest.xml:36:13-37
250            android:launchMode="singleInstance"
250-->[:flutter_inappwebview] AndroidManifest.xml:37:13-48
251            android:theme="@style/ThemeTransparent" />
251-->[:flutter_inappwebview] AndroidManifest.xml:38:13-52
252
253        <receiver
253-->[:flutter_inappwebview] AndroidManifest.xml:40:9-43:40
254            android:name="com.pichillilorenzo.flutter_inappwebview.chrome_custom_tabs.ActionBroadcastReceiver"
254-->[:flutter_inappwebview] AndroidManifest.xml:41:13-111
255            android:enabled="true"
255-->[:flutter_inappwebview] AndroidManifest.xml:42:13-35
256            android:exported="false" />
256-->[:flutter_inappwebview] AndroidManifest.xml:43:13-37
257
258        <meta-data
258-->[:flutter_inappwebview] AndroidManifest.xml:45:9-47:36
259            android:name="io.flutter.embedded_views_preview"
259-->[:flutter_inappwebview] AndroidManifest.xml:46:13-61
260            android:value="true" />
260-->[:flutter_inappwebview] AndroidManifest.xml:47:13-33
261
262        <provider
262-->[:image_picker_android] AndroidManifest.xml:10:9-18:20
263            android:name="io.flutter.plugins.imagepicker.ImagePickerFileProvider"
263-->[:image_picker_android] AndroidManifest.xml:11:13-82
264            android:authorities="com.themirrorsocial.mirra.flutter.image_provider"
264-->[:image_picker_android] AndroidManifest.xml:12:13-74
265            android:exported="false"
265-->[:image_picker_android] AndroidManifest.xml:13:13-37
266            android:grantUriPermissions="true" >
266-->[:image_picker_android] AndroidManifest.xml:14:13-47
267            <meta-data
267-->[:image_picker_android] AndroidManifest.xml:15:13-17:75
268                android:name="android.support.FILE_PROVIDER_PATHS"
268-->[:image_picker_android] AndroidManifest.xml:16:17-67
269                android:resource="@xml/flutter_image_picker_file_paths" />
269-->[:image_picker_android] AndroidManifest.xml:17:17-72
270        </provider>
271
272        <activity
272-->[:url_launcher_android] AndroidManifest.xml:10:9-13:74
273            android:name="io.flutter.plugins.urllauncher.WebViewActivity"